<?xml version="1.0" encoding="UTF-8"?>
<testsuite name="ru.netology.qa.AppiumTests" tests="2" skipped="0" failures="0" errors="0" timestamp="2024-07-15T08:20:09" hostname="MacBook-Pro.local" time="26.178">
  <properties/>
  <testcase name="testCheckTextInNewActivity()" classname="ru.netology.qa.AppiumTests" time="12.445"/>
  <testcase name="testTryingToSetAnEmptyString()" classname="ru.netology.qa.AppiumTests" time="13.732"/>
  <system-out><![CDATA[]]></system-out>
  <system-err><![CDATA[июл. 15, 2024 11:20:17 AM io.appium.java_client.remote.AppiumCommandExecutor$1 lambda$0
INFO: Detected dialect: W3C
июл. 15, 2024 11:20:28 AM io.appium.java_client.remote.AppiumCommandExecutor$1 lambda$0
INFO: Detected dialect: W3C
]]></system-err>
</testsuite>
